c:\users\sak\source\repos\wysiwyc\flattening\visiblesvg\build\build\vc141.pdb
c:\users\sak\source\repos\wysiwyc\flattening\visiblesvg\build\build\vc141.idb
c:\users\sak\source\repos\wysiwyc\flattening\visiblesvg\build\intersect_bezier.obj
c:\users\sak\source\repos\wysiwyc\flattening\visiblesvg\build\make_arrangement.obj
c:\users\sak\source\repos\wysiwyc\flattening\visiblesvg\build\make_monotone.obj
c:\users\sak\source\repos\wysiwyc\flattening\visiblesvg\build\print_arrangement.obj
c:\users\sak\source\repos\wysiwyc\flattening\visiblesvg\build\read_svg.obj
c:\users\sak\source\repos\wysiwyc\flattening\visiblesvg\build\compute_subcurves.obj
c:\users\sak\source\repos\wysiwyc\flattening\visiblesvg\build\main.obj
c:\users\sak\source\repos\wysiwyc\flattening\visiblesvg\build\flatten.obj
c:\users\sak\source\repos\wysiwyc\flattening\visiblesvg\build\helper.obj
c:\users\sak\source\repos\wysiwyc\flattening\visiblesvg\build\build\visiblesvg.pdb
c:\users\sak\source\repos\wysiwyc\flattening\visiblesvg\build\visiblesvg.tlog\cl.command.1.tlog
c:\users\sak\source\repos\wysiwyc\flattening\visiblesvg\build\visiblesvg.tlog\cl.read.1.tlog
c:\users\sak\source\repos\wysiwyc\flattening\visiblesvg\build\visiblesvg.tlog\cl.write.1.tlog
c:\users\sak\source\repos\wysiwyc\flattening\visiblesvg\build\visiblesvg.tlog\link.1636-cvtres.read.1.tlog
c:\users\sak\source\repos\wysiwyc\flattening\visiblesvg\build\visiblesvg.tlog\link.1636-cvtres.write.1.tlog
c:\users\sak\source\repos\wysiwyc\flattening\visiblesvg\build\visiblesvg.tlog\link.1636-rc.read.1.tlog
c:\users\sak\source\repos\wysiwyc\flattening\visiblesvg\build\visiblesvg.tlog\link.1636-rc.write.1.tlog
c:\users\sak\source\repos\wysiwyc\flattening\visiblesvg\build\visiblesvg.tlog\link.1636.read.1.tlog
c:\users\sak\source\repos\wysiwyc\flattening\visiblesvg\build\visiblesvg.tlog\link.1636.write.1.tlog
c:\users\sak\source\repos\wysiwyc\flattening\visiblesvg\build\visiblesvg.tlog\link.command.1.tlog
c:\users\sak\source\repos\wysiwyc\flattening\visiblesvg\build\visiblesvg.tlog\link.read.1.tlog
c:\users\sak\source\repos\wysiwyc\flattening\visiblesvg\build\visiblesvg.tlog\link.write.1.tlog
